2026-05-18 19:41:39 - Shared.ticket_processor - INFO - Starting processing for ticket 5727601
2026-05-18 19:41:45 - Shared.ticket_processor - INFO - Downloaded: C:\Users\DevagudiShanmuka\OneDrive - TANLA PLATFORMS LIMITED\Desktop\MediaUrl\Staging\5727601\5727601_EAST 6.jpeg
2026-05-18 19:41:45 - Shared.ticket_processor - INFO - Prepared 1 files for ticket 5727601
2026-05-18 19:41:45 - Shared.ticket_processor - INFO - Moved to INPUT: C:\Users\DevagudiShanmuka\OneDrive - TANLA PLATFORMS LIMITED\Desktop\MediaUrl\Input\5727601_EAST 6.jpeg
2026-05-18 19:41:45 - Shared.ticket_processor - INFO - Files moved to INPUT: ['C:\\Users\\DevagudiShanmuka\\OneDrive - TANLA PLATFORMS LIMITED\\Desktop\\MediaUrl\\Input\\5727601_EAST 6.jpeg']
2026-05-18 19:41:45 - MediaAutomation.automation_runner - INFO - Launching browser
2026-05-18 19:41:53 - MediaAutomation.automation_runner - INFO - Performing login
2026-05-18 19:41:55 - MediaAutomation.automation_runner - INFO - Login successful
2026-05-18 19:41:55 - MediaAutomation.automation_runner - INFO - Navigating to upload page: http://192.168.253.176:1002/vid_to_url
2026-05-18 19:41:56 - MediaAutomation.automation_runner - INFO - Uploading files: ['C:\\Users\\DevagudiShanmuka\\OneDrive - TANLA PLATFORMS LIMITED\\Desktop\\MediaUrl\\Input\\5727601_EAST 6.jpeg']
2026-05-18 19:41:58 - MediaAutomation.automation_runner - INFO - Waiting for Download CSV button
2026-05-18 19:42:01 - MediaAutomation.automation_runner - INFO - CSV saved successfully: C:\Users\DevagudiShanmuka\OneDrive - TANLA PLATFORMS LIMITED\Desktop\MediaUrl\Output\5727601_EAST 6.csv
2026-05-18 19:42:02 - Shared.ticket_processor - INFO - Automation Result: {'success': True, 'output_file': 'C:\\Users\\DevagudiShanmuka\\OneDrive - TANLA PLATFORMS LIMITED\\Desktop\\MediaUrl\\Output\\5727601_EAST 6.csv'}
2026-05-18 19:42:02 - Shared.ticket_processor - INFO - Output file ready: C:\Users\DevagudiShanmuka\OneDrive - TANLA PLATFORMS LIMITED\Desktop\MediaUrl\Output\5727601_EAST 6.csv
2026-05-18 19:42:06 - Shared.ticket_processor - INFO - Requester Email: None
2026-05-18 19:42:06 - Shared.ticket_processor - INFO - CC Emails: []
2026-05-18 19:42:06 - Shared.ticket_processor - INFO - Sending attachment: C:\Users\DevagudiShanmuka\OneDrive - TANLA PLATFORMS LIMITED\Desktop\MediaUrl\Output\5727601_EAST 6.csv
2026-05-18 19:42:13 - Shared.ticket_processor - INFO - Freshdesk response: 201 - {"id":83267084394,"user_id":82244129678,"from_email":"\"Provisioning AI\" <provisioning@karix.com>","cc_emails":[],"bcc_emails":[],"body":"<div>Hi,<br><br>\n\n    Please find the requested media URL output attached.<br><br>\n\n    Regards,<br>\n    Provisioning AI\n    </div>","body_text":"Hi,  \n\n    Please find the requested media URL output attached.  \n\n    Regards, \n    Provisioning AI","ticket_id":5727601,"to_emails":["provisioning-ai@karix.com"],"attachments":[{"id":82208773623,"content_type":"application/octet-stream","size":152,"name":"5727601_EAST 6.csv","attachment_url":"https://s3.ap-south-1.amazonaws.com/ind-cdn.freshdesk.com/data/helpdesk/attachments/production/82208773623/original/5727601_EAST%206.csv?X-Amz-Algorithm=AWS4-HMAC-SHA256&X-Amz-Credential=AKIAS6FNSMY2XLZULJPI%2F20260518%2Fap-south-1%2Fs3%2Faws4_request&X-Amz-Date=20260518T141213Z&X-Amz-Expires=300&X-Amz-SignedHeaders=host&X-Amz-Signature=8e03910ae6d36f38fc20eaf9673b1af6514fb79158f51545641797c41d762e27","created_at":"2026-05-18T14:12:13Z","updated_at":"2026-05-18T14:12:13Z"}],"source_additional_info":null,"created_at":"2026-05-18T14:12:13Z","updated_at":"2026-05-18T14:12:13Z"}
2026-05-18 19:42:13 - Shared.ticket_processor - INFO - Reply sent for ticket 5727601
2026-05-18 20:08:17 - Shared.ticket_processor - INFO - Starting processing for ticket 5728775
2026-05-18 20:08:29 - Shared.ticket_processor - INFO - Downloaded: C:\Users\DevagudiShanmuka\OneDrive - TANLA PLATFORMS LIMITED\Desktop\MediaUrl\Staging\5728775\5728775_AKSHAYA TRITIYA-CATALOGUE-TANVIKA North.pdf
2026-05-18 20:08:29 - Shared.ticket_processor - INFO - Prepared 1 files for ticket 5728775
2026-05-18 20:08:29 - Shared.ticket_processor - INFO - Moved to INPUT: C:\Users\DevagudiShanmuka\OneDrive - TANLA PLATFORMS LIMITED\Desktop\MediaUrl\Input\5728775_AKSHAYA TRITIYA-CATALOGUE-TANVIKA North.pdf
2026-05-18 20:08:29 - Shared.ticket_processor - INFO - Files moved to INPUT: ['C:\\Users\\DevagudiShanmuka\\OneDrive - TANLA PLATFORMS LIMITED\\Desktop\\MediaUrl\\Input\\5728775_AKSHAYA TRITIYA-CATALOGUE-TANVIKA North.pdf']
2026-05-18 20:08:29 - MediaAutomation.automation_runner - INFO - Launching browser
2026-05-18 20:08:32 - MediaAutomation.automation_runner - INFO - Performing login
2026-05-18 20:08:36 - MediaAutomation.automation_runner - INFO - Login successful
2026-05-18 20:08:36 - MediaAutomation.automation_runner - INFO - Navigating to upload page: http://192.168.253.176:1002/vid_to_url
2026-05-18 20:08:37 - MediaAutomation.automation_runner - INFO - Uploading files: ['C:\\Users\\DevagudiShanmuka\\OneDrive - TANLA PLATFORMS LIMITED\\Desktop\\MediaUrl\\Input\\5728775_AKSHAYA TRITIYA-CATALOGUE-TANVIKA North.pdf']
2026-05-18 20:08:44 - MediaAutomation.automation_runner - INFO - Waiting for Download CSV button
2026-05-18 20:08:44 - MediaAutomation.automation_runner - INFO - CSV saved successfully: C:\Users\DevagudiShanmuka\OneDrive - TANLA PLATFORMS LIMITED\Desktop\MediaUrl\Output\5728775_AKSHAYA TRITIYA-CATALOGUE-TANVIKA North.csv
2026-05-18 20:08:45 - Shared.ticket_processor - INFO - Automation Result: {'success': True, 'output_file': 'C:\\Users\\DevagudiShanmuka\\OneDrive - TANLA PLATFORMS LIMITED\\Desktop\\MediaUrl\\Output\\5728775_AKSHAYA TRITIYA-CATALOGUE-TANVIKA North.csv'}
2026-05-18 20:08:45 - Shared.ticket_processor - INFO - Output file ready: C:\Users\DevagudiShanmuka\OneDrive - TANLA PLATFORMS LIMITED\Desktop\MediaUrl\Output\5728775_AKSHAYA TRITIYA-CATALOGUE-TANVIKA North.csv
2026-05-18 20:08:46 - Shared.ticket_processor - INFO - Requester Email: None
2026-05-18 20:08:46 - Shared.ticket_processor - INFO - CC Emails: []
2026-05-18 20:08:46 - Shared.ticket_processor - INFO - Sending attachment: C:\Users\DevagudiShanmuka\OneDrive - TANLA PLATFORMS LIMITED\Desktop\MediaUrl\Output\5728775_AKSHAYA TRITIYA-CATALOGUE-TANVIKA North.csv
2026-05-18 20:08:48 - Shared.ticket_processor - INFO - Freshdesk response: 201 - {"id":83267092503,"user_id":82244129678,"from_email":"\"Provisioning AI\" <provisioning@karix.com>","cc_emails":[],"bcc_emails":[],"body":"<div>Hi,<br><br>\n\n    Please find the requested media URL output attached.<br><br>\n\n    Regards,<br>\n    Provisioning AI\n    </div>","body_text":"Hi,  \n\n    Please find the requested media URL output attached.  \n\n    Regards, \n    Provisioning AI","ticket_id":5728775,"to_emails":["provisioning-ai@karix.com"],"attachments":[{"id":82208775466,"content_type":"application/octet-stream","size":213,"name":"5728775_AKSHAYA TRITIYA-CATALOGUE-TANVIKA North.csv","attachment_url":"https://s3.ap-south-1.amazonaws.com/ind-cdn.freshdesk.com/data/helpdesk/attachments/production/82208775466/original/5728775_AKSHAYA%20TRITIYA-CATALOGUE-TANVIKA%20North.csv?X-Amz-Algorithm=AWS4-HMAC-SHA256&X-Amz-Credential=AKIAS6FNSMY2XLZULJPI%2F20260518%2Fap-south-1%2Fs3%2Faws4_request&X-Amz-Date=20260518T143848Z&X-Amz-Expires=300&X-Amz-SignedHeaders=host&X-Amz-Signature=93b2e53f8dd2a54c6145f590dd7266c8ab34d901a344083e34695c9ff1a5068f","created_at":"2026-05-18T14:38:48Z","updated_at":"2026-05-18T14:38:48Z"}],"source_additional_info":null,"created_at":"2026-05-18T14:38:48Z","updated_at":"2026-05-18T14:38:48Z"}
2026-05-18 20:08:48 - Shared.ticket_processor - INFO - Reply sent for ticket 5728775
2026-05-18 22:07:36 - Shared.ticket_processor - INFO - Processing ticket 5752869
2026-05-18 22:07:40 - MediaAutomation.automation_runner - INFO - Launching browser
2026-05-18 22:07:44 - MediaAutomation.automation_runner - INFO - Performing login
2026-05-18 22:07:46 - MediaAutomation.automation_runner - INFO - Login successful
2026-05-18 22:07:46 - MediaAutomation.automation_runner - INFO - Navigating to upload page: http://192.168.253.176:1002/vid_to_url
2026-05-18 22:07:46 - MediaAutomation.automation_runner - INFO - Uploading files: ['C:\\Users\\DevagudiShanmuka\\OneDrive - TANLA PLATFORMS LIMITED\\Desktop\\MediaUrl\\Input\\5752869_5.1.jpg', 'C:\\Users\\DevagudiShanmuka\\OneDrive - TANLA PLATFORMS LIMITED\\Desktop\\MediaUrl\\Input\\5752869_4.1.jpg']
2026-05-18 22:07:46 - MediaAutomation.automation_runner - INFO - Waiting for Download CSV button
2026-05-18 22:07:47 - MediaAutomation.automation_runner - INFO - CSV saved successfully: C:\Users\DevagudiShanmuka\OneDrive - TANLA PLATFORMS LIMITED\Desktop\MediaUrl\Output\5752869_5.1.csv
2026-05-18 22:27:32 - Shared.ticket_processor - INFO - Processing ticket 5752882
2026-05-18 22:27:36 - MediaAutomation.automation_runner - INFO - Launching browser
2026-05-18 22:27:36 - MediaAutomation.automation_runner - ERROR - Automation failed: It looks like you are using Playwright Sync API inside the asyncio loop.
Please use the Async API instead.
Traceback (most recent call last):
  File "C:\Projects\media-platform\MediaAutomation\automation_runner.py", line 61, in run_bulk_automation
    browser, context, page = create_browser_context(headless=False)
                             ~~~~~~~~~~~~~~~~~~~~~~^^^^^^^^^^^^^^^^
  File "C:\Projects\media-platform\Shared\auth.py", line 133, in create_browser_context
    playwright = sync_playwright().start()
  File "C:\Projects\media-platform\.venv\Lib\site-packages\playwright\sync_api\_context_manager.py", line 84, in start
    return self.__enter__()
           ~~~~~~~~~~~~~~^^
  File "C:\Projects\media-platform\.venv\Lib\site-packages\playwright\sync_api\_context_manager.py", line 47, in __enter__
                raise Error(
    ...<2 lines>...
                )
playwright._impl._errors.Error: It looks like you are using Playwright Sync API inside the asyncio loop.
Please use the Async API instead.
2026-05-18 22:34:30 - Shared.ticket_processor - INFO - Processing ticket 5752882
2026-05-18 22:34:38 - Shared.ticket_processor - ERROR - Critical failure: 'coroutine' object has no attribute 'get'
Traceback (most recent call last):
  File "C:\Projects\media-platform\Shared\ticket_processor.py", line 203, in process_ticket
    output_file = result.get("output_file")
                  ^^^^^^^^^^
AttributeError: 'coroutine' object has no attribute 'get'
2026-05-18 22:56:45 - Shared.ticket_processor - INFO - Processing ticket 5752882
2026-05-18 22:59:08 - Shared.ticket_processor - INFO - Processing ticket 5752882
2026-05-18 23:39:33 - MediaAutomation.automation_runner - INFO - Launching browser
2026-05-18 23:39:36 - MediaAutomation.automation_runner - INFO - Performing login
2026-05-18 23:39:38 - MediaAutomation.automation_runner - INFO - Uploading files
2026-05-18 23:39:39 - MediaAutomation.automation_runner - INFO - Waiting for Download CSV button
2026-05-18 23:39:40 - MediaAutomation.automation_runner - INFO - Saved CSV: C:\Users\DevagudiShanmuka\OneDrive - TANLA PLATFORMS LIMITED\Desktop\MediaUrl\Output\5752882_Picture1.csv
2026-05-18 23:55:13 - MediaAutomation.automation_runner - INFO - Launching browser
2026-05-18 23:55:16 - MediaAutomation.automation_runner - INFO - Performing login
2026-05-18 23:55:19 - MediaAutomation.automation_runner - INFO - Uploading files
2026-05-18 23:55:20 - MediaAutomation.automation_runner - INFO - Waiting for Download CSV button
2026-05-18 23:55:21 - MediaAutomation.automation_runner - INFO - Saved CSV: C:\Users\DevagudiShanmuka\OneDrive - TANLA PLATFORMS LIMITED\Desktop\MediaUrl\Output\5752882_Picture1.csv
2026-05-19 11:32:13 - MediaAutomation.automation_runner - INFO - Launching browser
2026-05-19 11:32:18 - MediaAutomation.automation_runner - INFO - Performing login
2026-05-19 11:32:21 - MediaAutomation.automation_runner - INFO - Uploading files
2026-05-19 11:32:24 - MediaAutomation.automation_runner - INFO - Waiting for Download CSV button
2026-05-19 11:32:25 - MediaAutomation.automation_runner - INFO - Saved CSV: C:\Users\DevagudiShanmuka\OneDrive - TANLA PLATFORMS LIMITED\Desktop\MediaUrl\Output\5753287_new_north.csv
2026-05-19 12:54:03 - MediaAutomation.automation_runner - INFO - Launching browser
2026-05-19 12:54:07 - MediaAutomation.automation_runner - INFO - Performing login
2026-05-19 12:54:09 - MediaAutomation.automation_runner - INFO - Opening upload page
2026-05-19 12:54:09 - MediaAutomation.automation_runner - INFO - Waiting for file input
2026-05-19 12:54:09 - MediaAutomation.automation_runner - INFO - Uploading files
2026-05-19 12:54:09 - MediaAutomation.automation_runner - INFO - Files attached: 1
2026-05-19 12:54:09 - MediaAutomation.automation_runner - INFO - Waiting for upload button
2026-05-19 12:54:09 - MediaAutomation.automation_runner - INFO - Clicking upload button
2026-05-19 12:54:10 - MediaAutomation.automation_runner - INFO - Waiting for Download CSV button
2026-05-19 12:54:10 - MediaAutomation.automation_runner - INFO - Download button found
2026-05-19 12:54:10 - MediaAutomation.automation_runner - INFO - Starting CSV download
2026-05-19 12:54:11 - MediaAutomation.automation_runner - INFO - CSV saved successfully: C:\Users\DevagudiShanmuka\OneDrive - TANLA PLATFORMS LIMITED\Desktop\MediaUrl\Output\5753287_new_north.csv
2026-05-19 12:54:11 - MediaAutomation.automation_runner - INFO - Closing browser
2026-05-19 13:08:05 - MediaAutomation.automation_runner - INFO - Launching browser
2026-05-19 13:08:09 - MediaAutomation.automation_runner - INFO - Performing login
2026-05-19 13:08:11 - MediaAutomation.automation_runner - INFO - Opening upload page
2026-05-19 13:08:11 - MediaAutomation.automation_runner - INFO - Waiting for file input
2026-05-19 13:08:11 - MediaAutomation.automation_runner - INFO - Uploading files
2026-05-19 13:08:11 - MediaAutomation.automation_runner - INFO - Files attached: 1
2026-05-19 13:08:11 - MediaAutomation.automation_runner - INFO - Waiting for upload button
2026-05-19 13:08:11 - MediaAutomation.automation_runner - INFO - Clicking upload button
2026-05-19 13:08:12 - MediaAutomation.automation_runner - INFO - Waiting for Download CSV button
2026-05-19 13:08:12 - MediaAutomation.automation_runner - INFO - Download button found
2026-05-19 13:08:12 - MediaAutomation.automation_runner - INFO - Starting CSV download
2026-05-19 13:08:12 - MediaAutomation.automation_runner - INFO - CSV saved successfully: C:\Users\DevagudiShanmuka\OneDrive - TANLA PLATFORMS LIMITED\Desktop\MediaUrl\Output\5754047_ABND Reject Nov5.csv
2026-05-19 13:08:12 - MediaAutomation.automation_runner - INFO - Closing browser
2026-05-19 13:45:45 - MediaAutomation.automation_runner - INFO - Launching browser
2026-05-19 13:45:48 - MediaAutomation.automation_runner - INFO - Performing login
2026-05-19 13:45:50 - MediaAutomation.automation_runner - INFO - Opening upload page
2026-05-19 13:45:50 - MediaAutomation.automation_runner - INFO - Waiting for file input
2026-05-19 13:45:50 - MediaAutomation.automation_runner - INFO - Uploading files
2026-05-19 13:45:51 - MediaAutomation.automation_runner - INFO - Files attached: 1
2026-05-19 13:45:51 - MediaAutomation.automation_runner - INFO - Waiting for upload button
2026-05-19 13:45:51 - MediaAutomation.automation_runner - INFO - Clicking upload button
2026-05-19 13:45:53 - MediaAutomation.automation_runner - INFO - Waiting for Download CSV button
2026-05-19 13:45:54 - MediaAutomation.automation_runner - INFO - Download button found
2026-05-19 13:45:54 - MediaAutomation.automation_runner - INFO - Starting CSV download
2026-05-19 13:45:54 - MediaAutomation.automation_runner - INFO - CSV saved successfully: C:\Users\DevagudiShanmuka\OneDrive - TANLA PLATFORMS LIMITED\Desktop\MediaUrl\Output\5754194_Alia Cannes Karnataka (1).csv
2026-05-19 13:45:54 - MediaAutomation.automation_runner - INFO - Closing browser
2026-05-19 22:30:52 - MediaAutomation.automation_runner - INFO - Launching browser
2026-05-19 22:30:56 - MediaAutomation.automation_runner - INFO - Performing login
2026-05-19 22:31:05 - MediaAutomation.automation_runner - ERROR - Login failed
2026-05-19 22:31:05 - MediaAutomation.automation_runner - INFO - Closing browser
2026-05-19 22:31:44 - MediaAutomation.automation_runner - INFO - Launching browser
2026-05-19 22:31:48 - MediaAutomation.automation_runner - INFO - Performing login
2026-05-19 22:31:52 - MediaAutomation.automation_runner - INFO - Opening upload page
2026-05-19 22:31:52 - MediaAutomation.automation_runner - INFO - Waiting for file input
2026-05-19 22:31:52 - MediaAutomation.automation_runner - INFO - Uploading files
2026-05-19 22:31:52 - MediaAutomation.automation_runner - INFO - Files attached: 1
2026-05-19 22:31:52 - MediaAutomation.automation_runner - INFO - Waiting for upload button
2026-05-19 22:31:52 - MediaAutomation.automation_runner - INFO - Clicking upload button
2026-05-19 22:31:54 - MediaAutomation.automation_runner - INFO - Waiting for Download CSV button
2026-05-19 22:31:54 - MediaAutomation.automation_runner - INFO - Download button found
2026-05-19 22:31:54 - MediaAutomation.automation_runner - INFO - Starting CSV download
2026-05-19 22:31:54 - MediaAutomation.automation_runner - INFO - CSV saved successfully: C:\Users\DevagudiShanmuka\OneDrive - TANLA PLATFORMS LIMITED\Desktop\MediaUrl\Output\5753287_new_north.csv
2026-05-19 22:31:54 - MediaAutomation.automation_runner - INFO - Closing browser
2026-05-20 13:11:19 - MediaAutomation.automation_runner - INFO - Launching browser
2026-05-20 13:11:23 - MediaAutomation.automation_runner - INFO - Performing login
2026-05-20 13:11:25 - MediaAutomation.automation_runner - INFO - Opening upload page
2026-05-20 13:11:25 - MediaAutomation.automation_runner - INFO - Waiting for file input
2026-05-20 13:11:25 - MediaAutomation.automation_runner - INFO - Uploading files
2026-05-20 13:11:25 - MediaAutomation.automation_runner - INFO - Files attached: 1
2026-05-20 13:11:25 - MediaAutomation.automation_runner - INFO - Waiting for upload button
2026-05-20 13:11:25 - MediaAutomation.automation_runner - INFO - Clicking upload button
2026-05-20 13:11:26 - MediaAutomation.automation_runner - INFO - Waiting for Download CSV button
2026-05-20 13:11:27 - MediaAutomation.automation_runner - INFO - Download button found
2026-05-20 13:11:27 - MediaAutomation.automation_runner - INFO - Starting CSV download
2026-05-20 13:11:27 - MediaAutomation.automation_runner - INFO - CSV saved successfully: C:\Users\DevagudiShanmuka\OneDrive - TANLA PLATFORMS LIMITED\Desktop\MediaUrl\Output\5756482_MGD_EDI_THRISSUR_2026_04_16_BRIDEL SHOW_WA_FV 1 (2) (1) (1).csv
2026-05-20 13:11:27 - MediaAutomation.automation_runner - INFO - Closing browser
2026-05-20 13:48:00 - MediaAutomation.automation_runner - INFO - Launching browser
2026-05-20 13:48:05 - MediaAutomation.automation_runner - INFO - Performing login
2026-05-20 13:48:07 - MediaAutomation.automation_runner - INFO - Opening upload page
2026-05-20 13:48:07 - MediaAutomation.automation_runner - INFO - Waiting for file input
2026-05-20 13:48:07 - MediaAutomation.automation_runner - INFO - Uploading files
2026-05-20 13:48:07 - MediaAutomation.automation_runner - INFO - Files attached: 1
2026-05-20 13:48:07 - MediaAutomation.automation_runner - INFO - Waiting for upload button
2026-05-20 13:48:07 - MediaAutomation.automation_runner - INFO - Clicking upload button
2026-05-20 13:48:09 - MediaAutomation.automation_runner - INFO - Waiting for Download CSV button
2026-05-20 13:48:09 - MediaAutomation.automation_runner - INFO - Download button found
2026-05-20 13:48:09 - MediaAutomation.automation_runner - INFO - Starting CSV download
2026-05-20 13:48:09 - MediaAutomation.automation_runner - INFO - CSV saved successfully: C:\Users\DevagudiShanmuka\OneDrive - TANLA PLATFORMS LIMITED\Desktop\MediaUrl\Output\5756580_MGD_EDI_ADOOR_2026_04_17_LIGHT WEIGHT_WA_FV (1).csv
2026-05-20 13:48:09 - MediaAutomation.automation_runner - INFO - Closing browser
2026-05-21 16:46:23 - MediaAutomation.automation_runner - INFO - Launching browser
2026-05-21 16:46:28 - MediaAutomation.automation_runner - INFO - Performing login
2026-05-21 16:46:30 - MediaAutomation.automation_runner - INFO - Opening upload page
2026-05-21 16:46:30 - MediaAutomation.automation_runner - INFO - Waiting for file input
2026-05-21 16:46:30 - MediaAutomation.automation_runner - INFO - Uploading files
2026-05-21 16:46:30 - MediaAutomation.automation_runner - INFO - Files attached: 1
2026-05-21 16:46:30 - MediaAutomation.automation_runner - INFO - Waiting for upload button
2026-05-21 16:46:30 - MediaAutomation.automation_runner - INFO - Clicking upload button
2026-05-21 16:46:35 - MediaAutomation.automation_runner - INFO - Waiting for Download CSV button
2026-05-21 16:46:35 - MediaAutomation.automation_runner - INFO - Download button found
2026-05-21 16:46:35 - MediaAutomation.automation_runner - INFO - Starting CSV download
2026-05-21 16:46:35 - MediaAutomation.automation_runner - INFO - CSV saved successfully: C:\Users\DevagudiShanmuka\OneDrive - TANLA PLATFORMS LIMITED\Desktop\MediaUrl\Output\5759735_Artistry UK.csv
2026-05-21 16:46:35 - MediaAutomation.automation_runner - INFO - Closing browser
2026-05-22 13:54:50 - MediaAutomation.automation_runner - INFO - Launching browser
2026-05-22 13:54:59 - MediaAutomation.automation_runner - INFO - Performing login
2026-05-22 13:55:01 - MediaAutomation.automation_runner - INFO - Opening upload page
2026-05-22 13:55:01 - MediaAutomation.automation_runner - INFO - Waiting for file input
2026-05-22 13:55:01 - MediaAutomation.automation_runner - INFO - Uploading files
2026-05-22 13:55:01 - MediaAutomation.automation_runner - INFO - Files attached: 1
2026-05-22 13:55:01 - MediaAutomation.automation_runner - INFO - Waiting for upload button
2026-05-22 13:55:01 - MediaAutomation.automation_runner - INFO - Clicking upload button
2026-05-22 13:55:04 - MediaAutomation.automation_runner - INFO - Waiting for Download CSV button
2026-05-22 13:55:04 - MediaAutomation.automation_runner - INFO - Download button found
2026-05-22 13:55:04 - MediaAutomation.automation_runner - INFO - Starting CSV download
2026-05-22 13:55:05 - MediaAutomation.automation_runner - INFO - CSV saved successfully: C:\Users\DevagudiShanmuka\OneDrive - TANLA PLATFORMS LIMITED\Desktop\MediaUrl\Output\Artistry UK.mp4_Artistry UK.csv
2026-05-22 13:55:05 - MediaAutomation.automation_runner - INFO - Closing browser
2026-05-22 14:08:01 - MediaAutomation.automation_runner - INFO - Launching browser
2026-05-22 14:08:04 - MediaAutomation.automation_runner - INFO - Performing login
2026-05-22 14:08:06 - MediaAutomation.automation_runner - INFO - Opening upload page
2026-05-22 14:08:07 - MediaAutomation.automation_runner - INFO - Waiting for file input
2026-05-22 14:08:07 - MediaAutomation.automation_runner - INFO - Uploading files
2026-05-22 14:08:07 - MediaAutomation.automation_runner - INFO - Files attached: 1
2026-05-22 14:08:07 - MediaAutomation.automation_runner - INFO - Waiting for upload button
2026-05-22 14:08:07 - MediaAutomation.automation_runner - INFO - Clicking upload button
2026-05-22 14:08:11 - MediaAutomation.automation_runner - INFO - Waiting for Download CSV button
2026-05-22 14:08:11 - MediaAutomation.automation_runner - INFO - Download button found
2026-05-22 14:08:11 - MediaAutomation.automation_runner - INFO - Starting CSV download
2026-05-22 14:08:12 - MediaAutomation.automation_runner - INFO - CSV saved successfully: C:\Users\DevagudiShanmuka\OneDrive - TANLA PLATFORMS LIMITED\Desktop\MediaUrl\Output\5761712_Artistry UK.csv
2026-05-22 14:08:12 - MediaAutomation.automation_runner - INFO - Closing browser
2026-05-25 16:47:31 - MediaAutomation.automation_runner - INFO - Launching browser
2026-05-25 16:47:42 - MediaAutomation.automation_runner - INFO - Performing login
2026-05-25 16:47:45 - MediaAutomation.automation_runner - INFO - Opening upload page
2026-05-25 16:47:45 - MediaAutomation.automation_runner - INFO - Waiting for file input
2026-05-25 16:47:45 - MediaAutomation.automation_runner - INFO - Uploading files
2026-05-25 16:47:45 - MediaAutomation.automation_runner - INFO - Files attached: 8
2026-05-25 16:47:45 - MediaAutomation.automation_runner - INFO - Waiting for upload button
2026-05-25 16:47:45 - MediaAutomation.automation_runner - INFO - Clicking upload button
2026-05-25 16:47:50 - MediaAutomation.automation_runner - INFO - Waiting for Download CSV button
2026-05-25 16:47:50 - MediaAutomation.automation_runner - INFO - Download button found
2026-05-25 16:47:50 - MediaAutomation.automation_runner - INFO - Starting CSV download
2026-05-25 16:47:51 - MediaAutomation.automation_runner - INFO - CSV saved successfully: C:\Users\DevagudiShanmuka\OneDrive - TANLA PLATFORMS LIMITED\Desktop\MediaUrl\Output\5767320_1 Card.csv
2026-05-25 16:47:51 - MediaAutomation.automation_runner - INFO - Closing browser
2026-05-25 17:32:17 - MediaAutomation.automation_runner - INFO - Launching browser
2026-05-25 17:32:21 - MediaAutomation.automation_runner - INFO - Performing login
2026-05-25 17:32:23 - MediaAutomation.automation_runner - INFO - Opening upload page
2026-05-25 17:32:23 - MediaAutomation.automation_runner - INFO - Waiting for file input
2026-05-25 17:32:24 - MediaAutomation.automation_runner - INFO - Uploading files
2026-05-25 17:32:24 - MediaAutomation.automation_runner - INFO - Files attached: 1
2026-05-25 17:32:24 - MediaAutomation.automation_runner - INFO - Waiting for upload button
2026-05-25 17:32:24 - MediaAutomation.automation_runner - INFO - Clicking upload button
2026-05-25 17:32:28 - MediaAutomation.automation_runner - INFO - Waiting for Download CSV button
2026-05-25 17:32:28 - MediaAutomation.automation_runner - INFO - Download button found
2026-05-25 17:32:28 - MediaAutomation.automation_runner - INFO - Starting CSV download
2026-05-25 17:32:29 - MediaAutomation.automation_runner - INFO - CSV saved successfully: C:\Users\DevagudiShanmuka\OneDrive - TANLA PLATFORMS LIMITED\Desktop\MediaUrl\Output\5767386_Qatar tawar mall.csv
2026-05-25 17:32:29 - MediaAutomation.automation_runner - INFO - Closing browser
2026-05-25 18:16:33 - MediaAutomation.automation_runner - INFO - Launching browser
2026-05-25 18:16:36 - MediaAutomation.automation_runner - INFO - Performing login
2026-05-25 18:16:38 - MediaAutomation.automation_runner - INFO - Opening upload page
2026-05-25 18:16:38 - MediaAutomation.automation_runner - INFO - Waiting for file input
2026-05-25 18:16:38 - MediaAutomation.automation_runner - INFO - Uploading files
2026-05-25 18:16:38 - MediaAutomation.automation_runner - INFO - Files attached: 1
2026-05-25 18:16:38 - MediaAutomation.automation_runner - INFO - Waiting for upload button
2026-05-25 18:16:38 - MediaAutomation.automation_runner - INFO - Clicking upload button
2026-05-25 18:16:41 - MediaAutomation.automation_runner - INFO - Waiting for Download CSV button
2026-05-25 18:16:41 - MediaAutomation.automation_runner - INFO - Download button found
2026-05-25 18:16:41 - MediaAutomation.automation_runner - INFO - Starting CSV download
2026-05-25 18:16:41 - MediaAutomation.automation_runner - INFO - CSV saved successfully: C:\Users\DevagudiShanmuka\OneDrive - TANLA PLATFORMS LIMITED\Desktop\MediaUrl\Output\5767539_AKSHAYA TRITIYA-CATALOGUE-TANVIKA - APTS FINAL - 18-05-2026_compressed.csv
2026-05-25 18:16:41 - MediaAutomation.automation_runner - INFO - Closing browser
2026-05-27 02:38:13 - MediaAutomation.automation_runner - INFO - Launching browser
2026-05-27 02:38:18 - MediaAutomation.automation_runner - INFO - Performing login
2026-05-27 02:38:21 - MediaAutomation.automation_runner - INFO - Opening upload page
2026-05-27 02:38:21 - MediaAutomation.automation_runner - INFO - Waiting for file input
2026-05-27 02:38:21 - MediaAutomation.automation_runner - INFO - Uploading files
2026-05-27 02:38:21 - MediaAutomation.automation_runner - INFO - Files attached: 1
2026-05-27 02:38:21 - MediaAutomation.automation_runner - INFO - Waiting for upload button
2026-05-27 02:38:21 - MediaAutomation.automation_runner - INFO - Clicking upload button
2026-05-27 02:38:22 - MediaAutomation.automation_runner - INFO - Waiting for Download CSV button
2026-05-27 02:38:22 - MediaAutomation.automation_runner - INFO - Download button found
2026-05-27 02:38:22 - MediaAutomation.automation_runner - INFO - Starting CSV download
2026-05-27 02:38:23 - MediaAutomation.automation_runner - INFO - CSV saved successfully: C:\Users\DevagudiShanmuka\OneDrive - TANLA PLATFORMS LIMITED\Desktop\MediaUrl\Output\5726377_EAST 7.csv
2026-05-27 02:38:23 - MediaAutomation.automation_runner - INFO - Closing browser
2026-05-27 11:54:50 - MediaAutomation.automation_runner - INFO - Launching browser
2026-05-27 11:54:55 - MediaAutomation.automation_runner - INFO - Performing login
2026-05-27 11:54:57 - MediaAutomation.automation_runner - INFO - Opening upload page
2026-05-27 11:54:57 - MediaAutomation.automation_runner - INFO - Waiting for file input
2026-05-27 11:54:57 - MediaAutomation.automation_runner - INFO - Uploading files
2026-05-27 11:54:57 - MediaAutomation.automation_runner - INFO - Files attached: 2
2026-05-27 11:54:57 - MediaAutomation.automation_runner - INFO - Waiting for upload button
2026-05-27 11:54:57 - MediaAutomation.automation_runner - INFO - Clicking upload button
2026-05-27 11:55:03 - MediaAutomation.automation_runner - INFO - Waiting for Download CSV button
2026-05-27 11:55:03 - MediaAutomation.automation_runner - INFO - Download button found
2026-05-27 11:55:03 - MediaAutomation.automation_runner - INFO - Starting CSV download
2026-05-27 11:55:04 - MediaAutomation.automation_runner - INFO - CSV saved successfully: C:\Users\DevagudiShanmuka\OneDrive - TANLA PLATFORMS LIMITED\Desktop\MediaUrl\Output\5771292_EORS June Cheatsheet(Non-Insider).csv
2026-05-27 11:55:04 - MediaAutomation.automation_runner - INFO - Closing browser
2026-05-27 13:22:40 - MediaAutomation.automation_runner - INFO - Launching browser
2026-05-27 13:22:44 - MediaAutomation.automation_runner - INFO - Performing login
2026-05-27 13:22:46 - MediaAutomation.automation_runner - INFO - Opening upload page
2026-05-27 13:22:46 - MediaAutomation.automation_runner - INFO - Waiting for file input
2026-05-27 13:22:46 - MediaAutomation.automation_runner - INFO - Uploading files
2026-05-27 13:22:46 - MediaAutomation.automation_runner - INFO - Files attached: 1
2026-05-27 13:22:46 - MediaAutomation.automation_runner - INFO - Waiting for upload button
2026-05-27 13:22:46 - MediaAutomation.automation_runner - INFO - Clicking upload button
2026-05-27 13:22:49 - MediaAutomation.automation_runner - INFO - Waiting for Download CSV button
2026-05-27 13:22:49 - MediaAutomation.automation_runner - INFO - Download button found
2026-05-27 13:22:49 - MediaAutomation.automation_runner - INFO - Starting CSV download
2026-05-27 13:22:50 - MediaAutomation.automation_runner - INFO - CSV saved successfully: C:\Users\DevagudiShanmuka\OneDrive - TANLA PLATFORMS LIMITED\Desktop\MediaUrl\Output\5771547_EORS Cheatsheet.csv
2026-05-27 13:22:50 - MediaAutomation.automation_runner - INFO - Closing browser
2026-05-27 17:38:01 - MediaAutomation.automation_runner - INFO - Launching browser
2026-05-27 17:38:04 - MediaAutomation.automation_runner - INFO - Performing login
2026-05-27 17:38:06 - MediaAutomation.automation_runner - INFO - Opening upload page
2026-05-27 17:38:06 - MediaAutomation.automation_runner - INFO - Waiting for file input
2026-05-27 17:38:06 - MediaAutomation.automation_runner - INFO - Uploading files
2026-05-27 17:38:06 - MediaAutomation.automation_runner - INFO - Files attached: 1
2026-05-27 17:38:06 - MediaAutomation.automation_runner - INFO - Waiting for upload button
2026-05-27 17:38:06 - MediaAutomation.automation_runner - INFO - Clicking upload button
2026-05-27 17:38:08 - MediaAutomation.automation_runner - INFO - Waiting for Download CSV button
2026-05-27 17:38:08 - MediaAutomation.automation_runner - INFO - Download button found
2026-05-27 17:38:08 - MediaAutomation.automation_runner - INFO - Starting CSV download
2026-05-27 17:38:09 - MediaAutomation.automation_runner - INFO - CSV saved successfully: C:\Users\DevagudiShanmuka\OneDrive - TANLA PLATFORMS LIMITED\Desktop\MediaUrl\Output\5772157_WA_ROI(excluding south)_Tanishq Gold_Sachin_HINDI_1_1_25SEC (1)_1 (1).csv
2026-05-27 17:38:09 - MediaAutomation.automation_runner - INFO - Closing browser
